<?xml version="1.0" encoding="UTF-8"?>
<testsuite xmlns:xsi="http://www.w3.org/2001/XMLSchema-instance" xsi:noNamespaceSchemaLocation="https://maven.apache.org/surefire/maven-surefire-plugin/xsd/surefire-test-report.xsd" name="ru.netology.stats.StatsServiceTest" time="0.134" tests="6" errors="0" skipped="0" failures="0">
  <properties>
[...]
</properties>
  <testcase name="testSumma" classname="ru.netology.stats.StatsServiceTest" time="0.092"/>
  <testcase name="testAverage" classname="ru.netology.stats.StatsServiceTest" time="0.001"/>
  <testcase name="testMinMonth" classname="ru.netology.stats.StatsServiceTest" time="0.002"/>
  <testcase name="testMonthBellowAverage" classname="ru.netology.stats.StatsServiceTest" time="0.003"/>
  <testcase name="testMonthAboveAverage" classname="ru.netology.stats.StatsServiceTest" time="0.003"/>
  <testcase name="testMaximumMonth" classname="ru.netology.stats.StatsServiceTest" time="0.002"/>
</testsuite>